  Compiling CUDA source file ParticleUpdate.cu...
  
  D:\Projects\NbodyCUDA\NbodyCUDA>"C:\Program Files\NVIDIA GPU Computing Toolkit\CUDA\v11.6\bin\nvcc.exe" -gencode=arch=compute_52,code=\"sm_52,compute_52\" --use-local-env -ccbin "D:\VS\VSapp\VC\Tools\MSVC\14.31.31103\bin\HostX64\x64" -x cu   -ID:\Projects\NbodyCUDA\Dependencies\GLEW\include -ID:\Projects\NbodyCUDA\Dependencies\GLFW\include -ID:\Projects\NbodyCUDA\Dependencies\glm -ID:\Projects\NbodyCUDA\Dependencies\GLEW\include -ID:\Projects\NbodyCUDA\Dependencies\GLFW\include -I"C:\Program Files\NVIDIA GPU Computing Toolkit\CUDA\v11.6\include" -I"C:\Program Files\NVIDIA GPU Computing Toolkit\CUDA\v11.6\include"  -G   --keep-dir x64\Debug  -maxrregcount=0  --machine 64 --compile -cudart static  -g  -DWIN32 -DWIN64 -D_DEBUG -D_CONSOLE -D_MBCS -Xcompiler "/EHsc /W3 /nologo /Od /Fdx64\Debug\vc143.pdb /FS /Zi /RTC1 /MDd " -o D:\Projects\NbodyCUDA\NbodyCUDA\x64\Debug\ParticleUpdate.cu.obj "D:\Projects\NbodyCUDA\NbodyCUDA\ParticleUpdate.cu" 
D:\Projects\NbodyCUDA\Dependencies\glm\ext\../detail/type_vec2.hpp(94): warning #20012-D: __device__ annotation is ignored on a function("vec") that is explicitly defaulted on its first declaration
  
D:\Projects\NbodyCUDA\Dependencies\glm\ext\../detail/type_vec2.hpp(94): warning #20012-D: __host__ annotation is ignored on a function("vec") that is explicitly defaulted on its first declaration
  
D:\Projects\NbodyCUDA\Dependencies\glm\ext\../detail/type_vec2.hpp(95): warning #20012-D: __device__ annotation is ignored on a function("vec") that is explicitly defaulted on its first declaration
  
D:\Projects\NbodyCUDA\Dependencies\glm\ext\../detail/type_vec2.hpp(95): warning #20012-D: __host__ annotation is ignored on a function("vec") that is explicitly defaulted on its first declaration
  
D:\Projects\NbodyCUDA\Dependencies\glm\ext\../detail/type_vec2.hpp(143): warning #20012-D: __device__ annotation is ignored on a function("operator=") that is explicitly defaulted on its first declaration
  
D:\Projects\NbodyCUDA\Dependencies\glm\ext\../detail/type_vec2.hpp(143): warning #20012-D: __host__ annotation is ignored on a function("operator=") that is explicitly defaulted on its first declaration
  
D:\Projects\NbodyCUDA\Dependencies\glm\ext\../detail/type_vec3.hpp(98): warning #20012-D: __device__ annotation is ignored on a function("vec") that is explicitly defaulted on its first declaration
  
D:\Projects\NbodyCUDA\Dependencies\glm\ext\../detail/type_vec3.hpp(98): warning #20012-D: __host__ annotation is ignored on a function("vec") that is explicitly defaulted on its first declaration
  
D:\Projects\NbodyCUDA\Dependencies\glm\ext\../detail/type_vec3.hpp(99): warning #20012-D: __device__ annotation is ignored on a function("vec") that is explicitly defaulted on its first declaration
  
D:\Projects\NbodyCUDA\Dependencies\glm\ext\../detail/type_vec3.hpp(99): warning #20012-D: __host__ annotation is ignored on a function("vec") that is explicitly defaulted on its first declaration
  
D:\Projects\NbodyCUDA\Dependencies\glm\ext\../detail/type_vec3.hpp(176): warning #20012-D: __device__ annotation is ignored on a function("operator=") that is explicitly defaulted on its first declaration
  
D:\Projects\NbodyCUDA\Dependencies\glm\ext\../detail/type_vec3.hpp(176): warning #20012-D: __host__ annotation is ignored on a function("operator=") that is explicitly defaulted on its first declaration
  
D:\Projects\NbodyCUDA\Dependencies\glm\ext\../detail/type_vec4.hpp(97): warning #20012-D: __device__ annotation is ignored on a function("vec") that is explicitly defaulted on its first declaration
  
D:\Projects\NbodyCUDA\Dependencies\glm\ext\../detail/type_vec4.hpp(97): warning #20012-D: __host__ annotation is ignored on a function("vec") that is explicitly defaulted on its first declaration
  
D:\Projects\NbodyCUDA\Dependencies\glm\ext\../detail/type_vec4.hpp(98): warning #20012-D: __device__ annotation is ignored on a function("vec") that is explicitly defaulted on its first declaration
  
D:\Projects\NbodyCUDA\Dependencies\glm\ext\../detail/type_vec4.hpp(98): warning #20012-D: __host__ annotation is ignored on a function("vec") that is explicitly defaulted on its first declaration
  
D:\Projects\NbodyCUDA\Dependencies\glm\ext\../detail/type_vec4.hpp(249): warning #20012-D: __device__ annotation is ignored on a function("operator=") that is explicitly defaulted on its first declaration
  
D:\Projects\NbodyCUDA\Dependencies\glm\ext\../detail/type_vec4.hpp(249): warning #20012-D: __host__ annotation is ignored on a function("operator=") that is explicitly defaulted on its first declaration
  
D:\Projects\NbodyCUDA\Dependencies\glm\ext\../detail/type_mat2x2.hpp(35): warning #20012-D: __device__ annotation is ignored on a function("mat") that is explicitly defaulted on its first declaration
  
D:\Projects\NbodyCUDA\Dependencies\glm\ext\../detail/type_mat2x2.hpp(35): warning #20012-D: __host__ annotation is ignored on a function("mat") that is explicitly defaulted on its first declaration
  
D:\Projects\NbodyCUDA\Dependencies\glm\ext\../detail/type_mat2x3.hpp(36): warning #20012-D: __device__ annotation is ignored on a function("mat") that is explicitly defaulted on its first declaration
  
D:\Projects\NbodyCUDA\Dependencies\glm\ext\../detail/type_mat2x3.hpp(36): warning #20012-D: __host__ annotation is ignored on a function("mat") that is explicitly defaulted on its first declaration
  
D:\Projects\NbodyCUDA\Dependencies\glm\ext\../detail/type_mat2x4.hpp(36): warning #20012-D: __device__ annotation is ignored on a function("mat") that is explicitly defaulted on its first declaration
  
D:\Projects\NbodyCUDA\Dependencies\glm\ext\../detail/type_mat2x4.hpp(36): warning #20012-D: __host__ annotation is ignored on a function("mat") that is explicitly defaulted on its first declaration
  
D:\Projects\NbodyCUDA\Dependencies\glm\ext\../detail/type_mat3x2.hpp(36): warning #20012-D: __device__ annotation is ignored on a function("mat") that is explicitly defaulted on its first declaration
  
D:\Projects\NbodyCUDA\Dependencies\glm\ext\../detail/type_mat3x2.hpp(36): warning #20012-D: __host__ annotation is ignored on a function("mat") that is explicitly defaulted on its first declaration
  
D:\Projects\NbodyCUDA\Dependencies\glm\ext\../detail/type_mat3x3.hpp(35): warning #20012-D: __device__ annotation is ignored on a function("mat") that is explicitly defaulted on its first declaration
  
D:\Projects\NbodyCUDA\Dependencies\glm\ext\../detail/type_mat3x3.hpp(35): warning #20012-D: __host__ annotation is ignored on a function("mat") that is explicitly defaulted on its first declaration
  
D:\Projects\NbodyCUDA\Dependencies\glm\ext\../detail/type_mat3x4.hpp(36): warning #20012-D: __device__ annotation is ignored on a function("mat") that is explicitly defaulted on its first declaration
  
D:\Projects\NbodyCUDA\Dependencies\glm\ext\../detail/type_mat3x4.hpp(36): warning #20012-D: __host__ annotation is ignored on a function("mat") that is explicitly defaulted on its first declaration
  
D:\Projects\NbodyCUDA\Dependencies\glm\ext\../detail/type_mat4x2.hpp(36): warning #20012-D: __device__ annotation is ignored on a function("mat") that is explicitly defaulted on its first declaration
  
D:\Projects\NbodyCUDA\Dependencies\glm\ext\../detail/type_mat4x2.hpp(36): warning #20012-D: __host__ annotation is ignored on a function("mat") that is explicitly defaulted on its first declaration
  
D:\Projects\NbodyCUDA\Dependencies\glm\ext\../detail/type_mat4x3.hpp(36): warning #20012-D: __device__ annotation is ignored on a function("mat") that is explicitly defaulted on its first declaration
  
D:\Projects\NbodyCUDA\Dependencies\glm\ext\../detail/type_mat4x3.hpp(36): warning #20012-D: __host__ annotation is ignored on a function("mat") that is explicitly defaulted on its first declaration
  
D:\Projects\NbodyCUDA\Dependencies\glm\ext\../detail/type_mat4x4.hpp(35): warning #20012-D: __device__ annotation is ignored on a function("mat") that is explicitly defaulted on its first declaration
  
D:\Projects\NbodyCUDA\Dependencies\glm\ext\../detail/type_mat4x4.hpp(35): warning #20012-D: __host__ annotation is ignored on a function("mat") that is explicitly defaulted on its first declaration
  
D:\Projects\NbodyCUDA\Dependencies\glm\detail/type_vec1.hpp(95): warning #20012-D: __device__ annotation is ignored on a function("vec") that is explicitly defaulted on its first declaration
  
D:\Projects\NbodyCUDA\Dependencies\glm\detail/type_vec1.hpp(95): warning #20012-D: __host__ annotation is ignored on a function("vec") that is explicitly defaulted on its first declaration
  
D:\Projects\NbodyCUDA\Dependencies\glm\detail/type_vec1.hpp(96): warning #20012-D: __device__ annotation is ignored on a function("vec") that is explicitly defaulted on its first declaration
  
D:\Projects\NbodyCUDA\Dependencies\glm\detail/type_vec1.hpp(96): warning #20012-D: __host__ annotation is ignored on a function("vec") that is explicitly defaulted on its first declaration
  
D:\Projects\NbodyCUDA\Dependencies\glm\detail/type_vec1.hpp(132): warning #20012-D: __device__ annotation is ignored on a function("operator=") that is explicitly defaulted on its first declaration
  
D:\Projects\NbodyCUDA\Dependencies\glm\detail/type_vec1.hpp(132): warning #20012-D: __host__ annotation is ignored on a function("operator=") that is explicitly defaulted on its first declaration
  
D:\Projects\NbodyCUDA\NbodyCUDA\ParticleUpdate.cu(174): warning #549-D: variable "gpuCPos" is used before its value is set
  
D:\Projects\NbodyCUDA\NbodyCUDA\ParticleUpdate.cu(175): warning #549-D: variable "gpuPPos" is used before its value is set
  
D:\Projects\NbodyCUDA\NbodyCUDA\ParticleUpdate.cu(176): warning #549-D: variable "gpuNPos" is used before its value is set
  
D:\Projects\NbodyCUDA\NbodyCUDA\ParticleUpdate.cu(182): warning #549-D: variable "mass" is used before its value is set
  
D:\VS\VSapp\VC\Tools\MSVC\14.31.31103\include\xutility(1165): error : class "std::iterator_traits<glm::vec3>" has no member "iterator_category"
            detected during:
              instantiation of type "std::_Iter_cat_t<glm::vec3>" 
  (1186): here
              instantiation of "const __nv_bool std::_Is_random_iter_v [with _Iter=glm::vec3]" 
  (1378): here
              instantiation of "auto std::_Idl_distance<_Checked,_Iter>(const _Iter &, const _Iter &) [with _Checked=glm::vec3, _Iter=glm::vec3]" 
  (4047): here
              instantiation of "_OutIt std::copy(_InIt, _InIt, _OutIt) [with _InIt=glm::vec3, _OutIt=std::vector<glm::vec3, std::allocator<glm::vec3>>]" 
  D:\Projects\NbodyCUDA\NbodyCUDA\ParticleUpdate.cu(184): here
  
  1 error detected in the compilation of "D:/Projects/NbodyCUDA/NbodyCUDA/ParticleUpdate.cu".
  ParticleUpdate.cu
D:\VS\VSapp\MSBuild\Microsoft\VC\v170\BuildCustomizations\CUDA 11.6.targets(790,9): error MSB3721: The command ""C:\Program Files\NVIDIA GPU Computing Toolkit\CUDA\v11.6\bin\nvcc.exe" -gencode=arch=compute_52,code=\"sm_52,compute_52\" --use-local-env -ccbin "D:\VS\VSapp\VC\Tools\MSVC\14.31.31103\bin\HostX64\x64" -x cu   -ID:\Projects\NbodyCUDA\Dependencies\GLEW\include -ID:\Projects\NbodyCUDA\Dependencies\GLFW\include -ID:\Projects\NbodyCUDA\Dependencies\glm -ID:\Projects\NbodyCUDA\Dependencies\GLEW\include -ID:\Projects\NbodyCUDA\Dependencies\GLFW\include -I"C:\Program Files\NVIDIA GPU Computing Toolkit\CUDA\v11.6\include" -I"C:\Program Files\NVIDIA GPU Computing Toolkit\CUDA\v11.6\include"  -G   --keep-dir x64\Debug  -maxrregcount=0  --machine 64 --compile -cudart static  -g  -DWIN32 -DWIN64 -D_DEBUG -D_CONSOLE -D_MBCS -Xcompiler "/EHsc /W3 /nologo /Od /Fdx64\Debug\vc143.pdb /FS /Zi /RTC1 /MDd " -o D:\Projects\NbodyCUDA\NbodyCUDA\x64\Debug\ParticleUpdate.cu.obj "D:\Projects\NbodyCUDA\NbodyCUDA\ParticleUpdate.cu"" exited with code 1.
